[INFO] [1783447563.683547009] [perception_node]: YOLO(seg) loaded: /root/ros2_ws/yolov8n-seg.pt
[INFO] [1783447564.000638569] [perception_node]: RealSense started (640x480 @ 30fps), depth pose 활성
[INFO] [1783447567.647389312] [perception_node]: [0] 3 objects: person(0.75)[posed], chair(0.56)[posed], person(0.52)[posed]
[INFO] [1783447579.432650223] [perception_node]: [30] 4 objects: person(0.89)[posed], person(0.81)[posed], chair(0.47)[posed], chair(0.44)[posed]
[INFO] [1783447588.899539259] [perception_node]: [60] 5 objects: person(0.82)[posed], chair(0.72)[posed], person(0.63)[posed], chair(0.48)[posed], chair(0.40)[posed]
[INFO] [1783447598.569411754] [perception_node]: [90] 6 objects: person(0.74)[posed], chair(0.65)[posed], person(0.63)[posed], chair(0.50)[posed], person(0.42)[posed], chair(0.41)[posed]
[INFO] [1783447608.095290779] [perception_node]: [120] 3 objects: person(0.78)[posed], chair(0.64)[posed], person(0.61)[posed]
[INFO] [1783447617.039985119] [perception_node]: [150] 6 objects: person(0.79)[posed], person(0.72)[posed], chair(0.52)[posed], chair(0.51)[posed], chair(0.43)[posed], chair(0.41)[posed]
[INFO] [1783447626.450916821] [perception_node]: [180] 7 objects: chair(0.75)[posed], person(0.73)[posed], person(0.63)[posed], chair(0.51)[posed], chair(0.47)[posed], chair(0.44)[posed], chair(0.43)[posed]
[INFO] [1783447636.537172877] [perception_node]: [210] 5 objects: person(0.64)[posed], person(0.57)[posed], chair(0.55)[posed], chair(0.49)[posed], chair(0.45)[posed]
[INFO] [1783447646.221040962] [perception_node]: [240] 5 objects: bottle(0.89)[posed], chair(0.59)[posed], dining table(0.55)[posed], chair(0.53)[posed], chair(0.42)[posed] | pick=bottle(0.89)
[INFO] [1783447656.150530425] [perception_node]: [270] 6 objects: bottle(0.92)[posed], chair(0.79)[posed], person(0.74)[posed], chair(0.73)[posed], dining table(0.69)[posed], person(0.57)[posed] | pick=bottle(0.92)
[INFO] [1783447665.936949602] [perception_node]: [300] 7 objects: chair(0.67)[posed], chair(0.61)[posed], bottle(0.57)[posed], dining table(0.56)[posed], mouse(0.55)[posed], chair(0.47)[posed], chair(0.44)[posed] | pick=bottle(0.57)
[INFO] [1783447675.554724746] [perception_node]: [330] 3 objects: bottle(0.88)[posed], person(0.73)[posed], dining table(0.61)[posed] | pick=bottle(0.88)
[INFO] [1783447685.273293206] [perception_node]: [360] 5 objects: person(0.87)[posed], bottle(0.75)[posed], chair(0.68)[posed], dining table(0.59)[posed], person(0.53)[posed] | pick=bottle(0.75)
[INFO] [1783447694.896493153] [perception_node]: [390] 5 objects: mouse(0.81), person(0.76)[posed], dining table(0.58)[posed], chair(0.53)[posed], person(0.46)[posed]
[INFO] [1783447705.084940548] [perception_node]: [420] 7 objects: mouse(0.80)[posed], chair(0.76)[posed], dining table(0.64)[posed], chair(0.64)[posed], bottle(0.63)[posed], bottle(0.51)[posed], bottle(0.50)[posed] | pick=bottle(0.63)
[INFO] [1783447716.098335788] [perception_node]: [450] 8 objects: mouse(0.81)[posed], chair(0.78)[posed], bottle(0.76)[posed], dining table(0.65)[posed], bottle(0.64)[posed], chair(0.63)[posed], bottle(0.54)[posed], person(0.47)[posed] | pick=bottle(0.76)
[INFO] [1783447727.037993103] [perception_node]: [480] 7 objects: mouse(0.81)[posed], chair(0.78)[posed], bottle(0.68)[posed], dining table(0.68)[posed], chair(0.66)[posed], bottle(0.54)[posed], bottle(0.51)[posed] | pick=bottle(0.68)
[INFO] [1783447737.816185689] [perception_node]: [510] 7 objects: mouse(0.84)[posed], chair(0.76)[posed], bottle(0.74)[posed], dining table(0.65)[posed], chair(0.62)[posed], bottle(0.55)[posed], bottle(0.45)[posed] | pick=bottle(0.74)
[INFO] [1783447748.968417778] [perception_node]: [540] 7 objects: mouse(0.82)[posed], chair(0.77)[posed], chair(0.68)[posed], bottle(0.68)[posed], dining table(0.65)[posed], bottle(0.54)[posed], bottle(0.53)[posed] | pick=bottle(0.68)
[INFO] [1783447760.645276549] [perception_node]: [570] 7 objects: mouse(0.78)[posed], chair(0.76)[posed], bottle(0.69)[posed], dining table(0.66)[posed], chair(0.61)[posed], bottle(0.53)[posed], bottle(0.43)[posed] | pick=bottle(0.69)
[INFO] [1783447770.928447648] [perception_node]: [600] 8 objects: mouse(0.82)[posed], chair(0.77)[posed], bottle(0.67)[posed], chair(0.67)[posed], dining table(0.66)[posed], bottle(0.55)[posed], bottle(0.55)[posed], person(0.45)[posed] | pick=bottle(0.67)
[INFO] [1783447781.028588322] [perception_node]: [630] 8 objects: mouse(0.85)[posed], chair(0.80)[posed], bottle(0.70)[posed], chair(0.68)[posed], dining table(0.67)[posed], bottle(0.52)[posed], person(0.47)[posed], bottle(0.44)[posed] | pick=bottle(0.70)
[INFO] [1783447791.788369978] [perception_node]: [660] 6 objects: mouse(0.81)[posed], chair(0.78)[posed], chair(0.67)[posed], dining table(0.64)[posed], bottle(0.49)[posed], bottle(0.47)[posed]
[INFO] [1783447802.814675394] [perception_node]: [690] 6 objects: chair(0.79)[posed], mouse(0.79)[posed], dining table(0.68)[posed], chair(0.66)[posed], bottle(0.58)[posed], bottle(0.54)[posed] | pick=bottle(0.58)
[INFO] [1783447813.718820696] [perception_node]: [720] 6 objects: mouse(0.89)[posed], chair(0.79)[posed], bottle(0.67)[posed], dining table(0.65)[posed], chair(0.63)[posed], bottle(0.54)[posed] | pick=bottle(0.67)
[INFO] [1783447824.272788553] [perception_node]: [750] 6 objects: person(0.90)[posed], mouse(0.80)[posed], bottle(0.77)[posed], chair(0.76)[posed], dining table(0.59)[posed], bottle(0.50)[posed] | pick=bottle(0.77)
[INFO] [1783447834.675494623] [perception_node]: [780] 7 objects: person(0.83)[posed], mouse(0.76)[posed], chair(0.73)[posed], chair(0.69)[posed], dining table(0.67)[posed], bottle(0.66)[posed], bottle(0.46)[posed] | pick=bottle(0.66)
[INFO] [1783447845.321702413] [perception_node]: [810] 7 objects: person(0.78)[posed], bottle(0.75)[posed], person(0.62)[posed], bottle(0.58)[posed], chair(0.55)[posed], mouse(0.48), person(0.44)[posed] | pick=bottle(0.75)
[INFO] [1783447856.683392494] [perception_node]: [840] 4 objects: bottle(0.70)[posed], tv(0.65)[posed], chair(0.53)[posed], chair(0.41)[posed] | pick=bottle(0.70)
[INFO] [1783447866.644871023] [perception_node]: [870] 3 objects: bottle(0.71)[posed], person(0.50)[posed], mouse(0.44)[posed] | pick=bottle(0.71)
[INFO] [1783447877.272075038] [perception_node]: [900] 6 objects: person(0.90)[posed], bottle(0.74)[posed], mouse(0.72)[posed], chair(0.66)[posed], chair(0.66)[posed], person(0.49)[posed] | pick=bottle(0.74)
[INFO] [1783447887.608257083] [perception_node]: [930] 4 objects: person(0.91)[posed], bottle(0.75)[posed], chair(0.59)[posed], chair(0.54)[posed] | pick=bottle(0.75)
[INFO] [1783447897.215362843] [perception_node]: [960] 5 objects: bottle(0.60)[posed], chair(0.57)[posed], chair(0.51)[posed], mouse(0.49)[posed], bottle(0.44)[posed] | pick=bottle(0.60)
[INFO] [1783447906.792482680] [perception_node]: [990] 5 objects: bottle(0.76)[posed], chair(0.57)[posed], chair(0.52)[posed], mouse(0.52)[posed], bottle(0.47)[posed] | pick=bottle(0.76)
[INFO] [1783447916.990215371] [perception_node]: [1020] 5 objects: bottle(0.79)[posed], mouse(0.61), chair(0.56)[posed], chair(0.52)[posed], bottle(0.45)[posed] | pick=bottle(0.79)
[INFO] [1783447927.618884062] [perception_node]: [1050] 4 objects: bottle(0.75)[posed], person(0.65)[posed], mouse(0.63)[posed], bottle(0.43)[posed] | pick=bottle(0.75)
[INFO] [1783447938.199987512] [perception_node]: [1080] 5 objects: bottle(0.70)[posed], mouse(0.68)[posed], chair(0.63)[posed], dining table(0.56)[posed], bottle(0.46)[posed] | pick=bottle(0.70)
[INFO] [1783447949.974814981] [perception_node]: [1110] 6 objects: person(0.88)[posed], person(0.86)[posed], dining table(0.68)[posed], chair(0.60)[posed], chair(0.57)[posed], mouse(0.45)[posed]
[INFO] [1783447960.938853440] [perception_node]: [1140] 3 objects: dining table(0.59)[posed], person(0.48)[posed], mouse(0.43)[posed]
[INFO] [1783447971.223348083] [perception_node]: [1170] 6 objects: person(0.80)[posed], mouse(0.70)[posed], dining table(0.67)[posed], chair(0.51)[posed], chair(0.44)[posed], chair(0.43)[posed]
[INFO] [1783447982.250395706] [perception_node]: [1200] 5 objects: person(0.88)[posed], dining table(0.67)[posed], mouse(0.66)[posed], chair(0.61)[posed], chair(0.44)[posed]
[INFO] [1783447993.317823655] [perception_node]: [1230] 3 objects: mouse(0.66)[posed], dining table(0.58)[posed], person(0.47)[posed]
[INFO] [1783448003.713436888] [perception_node]: [1260] 4 objects: chair(0.91)[posed], person(0.88)[posed], dining table(0.75)[posed], mouse(0.61)[posed]
[INFO] [1783448014.642297274] [perception_node]: [1290] 7 objects: person(0.90)[posed], person(0.88)[posed], chair(0.84)[posed], dining table(0.79)[posed], chair(0.64)[posed], mouse(0.57)[posed], tv(0.53)[posed]
[INFO] [1783448025.315287952] [perception_node]: [1320] 6 objects: chair(0.89)[posed], person(0.87)[posed], dining table(0.71)[posed], chair(0.68)[posed], mouse(0.66)[posed], bottle(0.50)[posed]
[INFO] [1783448036.680063428] [perception_node]: [1350] 7 objects: chair(0.89)[posed], person(0.89)[posed], person(0.86)[posed], dining table(0.71)[posed], chair(0.65)[posed], mouse(0.62)[posed], bottle(0.43)[posed]
[INFO] [1783448046.996536921] [perception_node]: [1380] 7 objects: chair(0.90)[posed], person(0.90)[posed], person(0.89)[posed], dining table(0.66)[posed], chair(0.64)[posed], mouse(0.63)[posed], bottle(0.51)[posed] | pick=bottle(0.51)
[INFO] [1783448057.114328079] [perception_node]: [1410] 6 objects: chair(0.89)[posed], person(0.88)[posed], dining table(0.67)[posed], chair(0.65)[posed], mouse(0.65)[posed], bottle(0.49)[posed]
[INFO] [1783448066.960576612] [perception_node]: [1440] 7 objects: person(0.86)[posed], chair(0.85)[posed], person(0.80)[posed], dining table(0.72)[posed], chair(0.70)[posed], mouse(0.64)[posed], bottle(0.47)[posed]
[INFO] [1783448076.426961469] [perception_node]: [1470] 3 objects: person(0.88)[posed], person(0.72)[posed], mouse(0.46)[posed]
[INFO] [1783448085.914432271] [perception_node]: [1500] 7 objects: person(0.91)[posed], person(0.91)[posed], person(0.89)[posed], dining table(0.69)[posed], mouse(0.59)[posed], chair(0.50)[posed], chair(0.50)[posed]
[INFO] [1783448095.912848909] [perception_node]: [1530] 5 objects: chair(0.87)[posed], person(0.71)[posed], dining table(0.68)[posed], mouse(0.64)[posed], person(0.51)[posed]
[INFO] [1783448106.514657410] [perception_node]: [1560] 7 objects: chair(0.90)[posed], person(0.89)[posed], person(0.73)[posed], dining table(0.71)[posed], chair(0.66)[posed], mouse(0.62)[posed], bottle(0.47)[posed]
[INFO] [1783448116.410856629] [perception_node]: [1590] 4 objects: chair(0.89)[posed], dining table(0.69)[posed], mouse(0.54)[posed], bottle(0.44)[posed]
[INFO] [1783448126.634624294] [perception_node]: [1620] 8 objects: chair(0.91)[posed], person(0.68)[posed], dining table(0.67)[posed], mouse(0.66)[posed], chair(0.62)[posed], person(0.53)[posed], person(0.47)[posed], bottle(0.40)[posed]
[INFO] [1783448136.653134042] [perception_node]: [1650] 6 objects: chair(0.91)[posed], dining table(0.69)[posed], mouse(0.54)[posed], bottle(0.50)[posed], person(0.49)[posed], chair(0.49)[posed] | pick=bottle(0.50)
[INFO] [1783448146.653114029] [perception_node]: [1680] 6 objects: chair(0.90)[posed], dining table(0.68)[posed], chair(0.58)[posed], person(0.52)[posed], mouse(0.47)[posed], bottle(0.44)[posed]
[INFO] [1783448156.742041927] [perception_node]: [1710] 5 objects: chair(0.91)[posed], dining table(0.69)[posed], mouse(0.57)[posed], chair(0.55)[posed], bottle(0.44)[posed]
[INFO] [1783448166.976802167] [perception_node]: [1740] 5 objects: chair(0.88)[posed], person(0.88)[posed], dining table(0.68)[posed], mouse(0.55)[posed], bottle(0.45)[posed]
[INFO] [1783448177.342061078] [perception_node]: [1770] 5 objects: chair(0.89)[posed], person(0.82)[posed], dining table(0.63)[posed], mouse(0.56)[posed], bottle(0.44)[posed]
[INFO] [1783448186.966679929] [perception_node]: [1800] 5 objects: chair(0.88)[posed], person(0.83)[posed], dining table(0.73)[posed], mouse(0.55)[posed], bottle(0.46)[posed]
[INFO] [1783448196.684709001] [perception_node]: [1830] 6 objects: chair(0.90)[posed], person(0.83)[posed], dining table(0.72)[posed], bottle(0.52)[posed], person(0.45)[posed], mouse(0.45)[posed] | pick=bottle(0.52)
[INFO] [1783448206.365554692] [perception_node]: [1860] 5 objects: chair(0.90)[posed], person(0.86)[posed], dining table(0.69)[posed], mouse(0.64)[posed], bottle(0.46)[posed]
[INFO] [1783448216.808079684] [perception_node]: [1890] 5 objects: chair(0.89)[posed], person(0.82)[posed], dining table(0.71)[posed], mouse(0.49)[posed], bottle(0.47)[posed]
[INFO] [1783448227.025943646] [perception_node]: [1920] 5 objects: chair(0.89)[posed], dining table(0.72)[posed], person(0.72)[posed], mouse(0.53)[posed], bottle(0.50)[posed]
[INFO] [1783448237.709760563] [perception_node]: [1950] 5 objects: chair(0.88)[posed], person(0.80)[posed], dining table(0.68)[posed], mouse(0.68)[posed], bottle(0.47)[posed]
[INFO] [1783448248.926722916] [perception_node]: [1980] 7 objects: chair(0.89)[posed], person(0.84)[posed], dining table(0.70)[posed], mouse(0.63)[posed], chair(0.61)[posed], person(0.59)[posed], bottle(0.53)[posed] | pick=bottle(0.53)
[INFO] [1783448259.493081540] [perception_node]: [2010] 5 objects: chair(0.67)[posed], person(0.63)[posed], dining table(0.57)[posed], mouse(0.54)[posed], chair(0.41)[posed]
[INFO] [1783448269.733554083] [perception_node]: [2040] 5 objects: person(0.81)[posed], chair(0.66)[posed], dining table(0.60)[posed], mouse(0.55)[posed], person(0.49)[posed]
[INFO] [1783448280.088387352] [perception_node]: [2070] 6 objects: person(0.77)[posed], chair(0.66)[posed], dining table(0.60)[posed], mouse(0.59)[posed], person(0.58)[posed], chair(0.43)[posed]
[INFO] [1783448291.177759330] [perception_node]: [2100] 5 objects: mouse(0.74)[posed], person(0.69)[posed], chair(0.66)[posed], bottle(0.48)[posed], dining table(0.46)[posed]
[INFO] [1783448302.306641843] [perception_node]: [2130] 7 objects: chair(0.73)[posed], mouse(0.68)[posed], person(0.66)[posed], chair(0.61)[posed], dining table(0.46)[posed], bottle(0.45)[posed], person(0.42)[posed]
[INFO] [1783448313.167419702] [perception_node]: [2160] 7 objects: chair(0.74)[posed], mouse(0.73)[posed], person(0.63)[posed], person(0.53)[posed], dining table(0.48)[posed], chair(0.41)[posed], bottle(0.41)[posed]
[INFO] [1783448325.433944458] [perception_node]: [2190] 5 objects: mouse(0.69)[posed], person(0.55)[posed], chair(0.52)[posed], bottle(0.45)[posed], dining table(0.41)[posed]
[INFO] [1783448336.854369309] [perception_node]: [2220] 7 objects: mouse(0.71)[posed], person(0.69)[posed], chair(0.62)[posed], bottle(0.55)[posed], chair(0.54)[posed], dining table(0.45)[posed], person(0.44)[posed] | pick=bottle(0.55)
[INFO] [1783448348.107918431] [perception_node]: [2250] 8 objects: mouse(0.69)[posed], person(0.67)[posed], chair(0.65)[posed], bottle(0.55)[posed], person(0.48)[posed], chair(0.47)[posed], dining table(0.47)[posed], chair(0.43)[posed] | pick=bottle(0.55)
[INFO] [1783448359.519535365] [perception_node]: [2280] 5 objects: bottle(0.85)[posed], mouse(0.59)[posed], person(0.57)[posed], dining table(0.56)[posed], person(0.51)[posed] | pick=bottle(0.85)
[INFO] [1783448371.149125882] [perception_node]: [2310] 5 objects: person(0.78)[posed], mouse(0.70)[posed], bottle(0.57)[posed], dining table(0.52)[posed], person(0.44)[posed] | pick=bottle(0.57)
[INFO] [1783448382.397012200] [perception_node]: [2340] 6 objects: person(0.72)[posed], mouse(0.67)[posed], chair(0.54)[posed], dining table(0.51)[posed], person(0.46)[posed], bottle(0.46)[posed]
[INFO] [1783448393.977734006] [perception_node]: [2370] 6 objects: bottle(0.78)[posed], person(0.77)[posed], mouse(0.76)[posed], dining table(0.66)[posed], chair(0.63)[posed], person(0.43)[posed] | pick=bottle(0.78)
[INFO] [1783448404.454577597] [perception_node]: [2400] 5 objects: chair(0.77)[posed], person(0.73)[posed], bottle(0.73)[posed], dining table(0.66)[posed], mouse(0.55)[posed] | pick=bottle(0.73)
[INFO] [1783448414.596332950] [perception_node]: [2430] 6 objects: person(0.75)[posed], mouse(0.70)[posed], dining table(0.62)[posed], chair(0.58)[posed], bottle(0.57)[posed], bottle(0.43)[posed] | pick=bottle(0.57)
[INFO] [1783448424.626329450] [perception_node]: [2460] 4 objects: bottle(0.72)[posed], dining table(0.61)[posed], mouse(0.57)[posed], bottle(0.42)[posed] | pick=bottle(0.72)
[INFO] [1783448435.000551007] [perception_node]: [2490] 3 objects: mouse(0.73)[posed], dining table(0.63)[posed], bottle(0.60)[posed] | pick=bottle(0.60)
[INFO] [1783448445.796009803] [perception_node]: [2520] 6 objects: person(0.82)[posed], chair(0.76)[posed], bottle(0.73)[posed], dining table(0.64)[posed], mouse(0.58)[posed], bottle(0.43)[posed] | pick=bottle(0.73)
[INFO] [1783448457.363399423] [perception_node]: [2550] 5 objects: bottle(0.70)[posed], mouse(0.70)[posed], person(0.64)[posed], dining table(0.61)[posed], chair(0.45)[posed] | pick=bottle(0.70)
[INFO] [1783448468.003330855] [perception_node]: [2580] 5 objects: person(0.67)[posed], bottle(0.67)[posed], dining table(0.64)[posed], mouse(0.64)[posed], chair(0.53)[posed] | pick=bottle(0.67)
[INFO] [1783448478.034925236] [perception_node]: [2610] 5 objects: bottle(0.73)[posed], dining table(0.57)[posed], mouse(0.56)[posed], chair(0.48)[posed], person(0.45)[posed] | pick=bottle(0.73)
[INFO] [1783448488.267893864] [perception_node]: [2640] 5 objects: bottle(0.68)[posed], person(0.67)[posed], chair(0.63)[posed], dining table(0.63)[posed], mouse(0.62)[posed] | pick=bottle(0.68)
[INFO] [1783448499.246829031] [perception_node]: [2670] 5 objects: bottle(0.77)[posed], mouse(0.71)[posed], dining table(0.58)[posed], person(0.51)[posed], chair(0.41)[posed] | pick=bottle(0.77)
[INFO] [1783448511.506097052] [perception_node]: [2700] 4 objects: mouse(0.75)[posed], bottle(0.70)[posed], dining table(0.56)[posed], person(0.43)[posed] | pick=bottle(0.70)
[INFO] [1783448522.472008741] [perception_node]: [2730] 5 objects: dining table(0.58)[posed], mouse(0.53)[posed], person(0.52)[posed], chair(0.51)[posed], bottle(0.49)[posed]
[INFO] [1783448531.984214485] [perception_node]: [2760] 3 objects: bottle(0.66)[posed], mouse(0.61)[posed], dining table(0.59)[posed] | pick=bottle(0.66)
[INFO] [1783448541.540115472] [perception_node]: [2790] 4 objects: bottle(0.73)[posed], dining table(0.63)[posed], mouse(0.52)[posed], bottle(0.42)[posed] | pick=bottle(0.73)
[INFO] [1783448551.127733867] [perception_node]: [2820] 5 objects: person(0.72)[posed], bottle(0.70)[posed], chair(0.62)[posed], dining table(0.57)[posed], mouse(0.45)[posed] | pick=bottle(0.70)
[INFO] [1783448560.759448319] [perception_node]: [2850] 5 objects: person(0.79)[posed], bottle(0.63)[posed], mouse(0.62)[posed], chair(0.61)[posed], dining table(0.53)[posed] | pick=bottle(0.63)
[INFO] [1783448570.661422013] [perception_node]: [2880] 6 objects: person(0.74)[posed], bottle(0.70)[posed], mouse(0.68)[posed], chair(0.59)[posed], dining table(0.56)[posed], bottle(0.42)[posed] | pick=bottle(0.70)
[INFO] [1783448580.141404514] [perception_node]: [2910] 4 objects: bottle(0.68)[posed], mouse(0.66)[posed], dining table(0.55)[posed], person(0.42)[posed] | pick=bottle(0.68)
[INFO] [1783448589.511999960] [perception_node]: [2940] 5 objects: chair(0.69)[posed], person(0.68)[posed], bottle(0.67)[posed], mouse(0.61)[posed], dining table(0.54)[posed] | pick=bottle(0.67)
[INFO] [1783448599.726432384] [perception_node]: [2970] 6 objects: chair(0.72)[posed], person(0.72)[posed], mouse(0.66)[posed], bottle(0.63)[posed], dining table(0.54)[posed], bottle(0.42)[posed] | pick=bottle(0.63)
[INFO] [1783448610.701238531] [perception_node]: [3000] 5 objects: bottle(0.73)[posed], dining table(0.55)[posed], mouse(0.54)[posed], chair(0.45)[posed], person(0.42)[posed] | pick=bottle(0.73)
[INFO] [1783448621.357349143] [perception_node]: [3030] 5 objects: person(0.88)[posed], bottle(0.73)[posed], dining table(0.58)[posed], mouse(0.56)[posed], person(0.41)[posed] | pick=bottle(0.73)
[INFO] [1783448632.511070960] [perception_node]: [3060] 4 objects: bottle(0.93)[posed], person(0.74)[posed], mouse(0.60)[posed], dining table(0.59)[posed] | pick=bottle(0.93)
[INFO] [1783448643.363688776] [perception_node]: [3090] 4 objects: bottle(0.93)[posed], mouse(0.62)[posed], dining table(0.60)[posed], person(0.54)[posed] | pick=bottle(0.93)
[INFO] [1783448654.543959663] [perception_node]: [3120] 3 objects: mouse(0.68)[posed], bottle(0.62)[posed], dining table(0.58)[posed] | pick=bottle(0.62)
[INFO] [1783448665.260355696] [perception_node]: [3150] 3 objects: bottle(0.70)[posed], mouse(0.66)[posed], dining table(0.57)[posed] | pick=bottle(0.70)
[INFO] [1783448676.257238473] [perception_node]: [3180] 3 objects: mouse(0.67), bottle(0.65)[posed], dining table(0.56)[posed] | pick=bottle(0.65)
[INFO] [1783448686.801724777] [perception_node]: [3210] 5 objects: bottle(0.76)[posed], mouse(0.67)[posed], chair(0.56)[posed], person(0.49)[posed], dining table(0.49)[posed] | pick=bottle(0.76)
[INFO] [1783448697.821211413] [perception_node]: [3240] 6 objects: chair(0.72)[posed], mouse(0.66)[posed], person(0.60)[posed], bottle(0.57)[posed], dining table(0.50)[posed], person(0.42)[posed] | pick=bottle(0.57)
[INFO] [1783448708.691999151] [perception_node]: [3270] 5 objects: chair(0.76)[posed], bottle(0.75)[posed], mouse(0.64)[posed], person(0.55)[posed], dining table(0.47)[posed] | pick=bottle(0.75)
[INFO] [1783448721.238051295] [perception_node]: [3300] 7 objects: person(0.86)[posed], dining table(0.73)[posed], chair(0.73)[posed], mouse(0.60)[posed], bottle(0.51)[posed], bottle(0.48)[posed], person(0.41)[posed] | pick=bottle(0.51)
[INFO] [1783448732.416740946] [perception_node]: [3330] 5 objects: chair(0.82)[posed], person(0.68)[posed], mouse(0.66)[posed], dining table(0.63)[posed], bottle(0.49)[posed]
[INFO] [1783448744.064068506] [perception_node]: [3360] 5 objects: bottle(0.86)[posed], chair(0.82)[posed], person(0.74)[posed], dining table(0.67)[posed], mouse(0.52)[posed] | pick=bottle(0.86)
[INFO] [1783448756.436712816] [perception_node]: [3390] 6 objects: person(0.75)[posed], mouse(0.71)[posed], person(0.64)[posed], chair(0.64)[posed], cell phone(0.61)[posed], dining table(0.46)[posed]
[INFO] [1783448768.130496771] [perception_node]: [3420] 6 objects: person(0.82)[posed], person(0.76)[posed], person(0.76)[posed], chair(0.69)[posed], dining table(0.62)[posed], mouse(0.50)[posed]
[INFO] [1783448780.056767698] [perception_node]: [3450] 8 objects: bottle(0.80)[posed], person(0.77)[posed], dining table(0.67)[posed], chair(0.61)[posed], mouse(0.57)[posed], chair(0.57)[posed], person(0.53)[posed], person(0.40)[posed] | pick=bottle(0.80)
[INFO] [1783448790.877400560] [perception_node]: [3480] 7 objects: bottle(0.89)[posed], person(0.75)[posed], dining table(0.71)[posed], mouse(0.52)[posed], chair(0.47)[posed], chair(0.41)[posed], chair(0.40)[posed] | pick=bottle(0.89)
[INFO] [1783448801.710204085] [perception_node]: [3510] 5 objects: chair(0.93)[posed], bottle(0.86)[posed], dining table(0.72)[posed], person(0.55)[posed], mouse(0.52)[posed] | pick=bottle(0.86)
[INFO] [1783448812.782796787] [perception_node]: [3540] 4 objects: bottle(0.82)[posed], chair(0.71)[posed], dining table(0.65)[posed], chair(0.53)[posed] | pick=bottle(0.82)
[INFO] [1783448824.687517764] [perception_node]: [3570] 6 objects: bottle(0.84)[posed], chair(0.72)[posed], dining table(0.64)[posed], mouse(0.63)[posed], person(0.58)[posed], person(0.47)[posed] | pick=bottle(0.84)
[INFO] [1783448835.893793444] [perception_node]: [3600] 6 objects: dining table(0.68)[posed], mouse(0.60)[posed], bottle(0.58)[posed], person(0.57)[posed], chair(0.46)[posed], chair(0.43)[posed] | pick=bottle(0.58)
[INFO] [1783448846.661569438] [perception_node]: [3630] 5 objects: bottle(0.85)[posed], mouse(0.72)[posed], dining table(0.60)[posed], chair(0.56)[posed], person(0.53)[posed] | pick=bottle(0.85)
[INFO] [1783448856.858088240] [perception_node]: [3660] 4 objects: bottle(0.88)[posed], chair(0.82)[posed], dining table(0.60)[posed], mouse(0.52)[posed] | pick=bottle(0.88)
[INFO] [1783448868.921894014] [perception_node]: [3690] 5 objects: person(0.91)[posed], mouse(0.69), dining table(0.65)[posed], bottle(0.65)[posed], person(0.51)[posed] | pick=bottle(0.65)
[INFO] [1783448880.192814610] [perception_node]: [3720] 3 objects: mouse(0.77), person(0.74)[posed], dining table(0.66)[posed]
[INFO] [1783448891.573135887] [perception_node]: [3750] 3 objects: mouse(0.87)[posed], person(0.86)[posed], dining table(0.71)[posed]
[INFO] [1783448903.076643366] [perception_node]: [3780] 4 objects: chair(0.70)[posed], laptop(0.56)[posed], dining table(0.47)[posed], chair(0.42)[posed]
[INFO] [1783448914.591427265] [perception_node]: [3810] 6 objects: chair(0.88)[posed], laptop(0.57)[posed], dining table(0.47)[posed], chair(0.46)[posed], chair(0.43)[posed], person(0.40)[posed]
[INFO] [1783448926.044181186] [perception_node]: [3840] 5 objects: chair(0.87)[posed], laptop(0.53)[posed], dining table(0.49)[posed], chair(0.48)[posed], chair(0.43)[posed]
[INFO] [1783448937.362759531] [perception_node]: [3870] 6 objects: chair(0.88)[posed], person(0.58)[posed], laptop(0.57)[posed], dining table(0.50)[posed], chair(0.47)[posed], chair(0.46)[posed]
[INFO] [1783448948.151252700] [perception_node]: [3900] 6 objects: chair(0.89)[posed], laptop(0.57)[posed], person(0.51)[posed], chair(0.45)[posed], dining table(0.45)[posed], chair(0.40)[posed]
[INFO] [1783448959.086445732] [perception_node]: [3930] 4 objects: chair(0.89)[posed], person(0.75)[posed], chair(0.47)[posed], dining table(0.44)[posed]
[INFO] [1783448969.748479352] [perception_node]: [3960] 5 objects: chair(0.88)[posed], person(0.57)[posed], chair(0.51)[posed], dining table(0.51)[posed], chair(0.46)[posed]
[INFO] [1783448980.796673114] [perception_node]: [3990] 3 objects: chair(0.89)[posed], dining table(0.56)[posed], person(0.42)[posed]
[INFO] [1783448991.863525182] [perception_node]: [4020] 3 objects: person(0.75)[posed], dining table(0.72)[posed], person(0.42)[posed]
[INFO] [1783449003.544728472] [perception_node]: [4050] 4 objects: person(0.89)[posed], bottle(0.83)[posed], dining table(0.80)[posed], person(0.74)[posed] | pick=bottle(0.83)
[INFO] [1783449014.911109360] [perception_node]: [4080] 4 objects: person(0.70)[posed], dining table(0.67)[posed], person(0.58)[posed], bottle(0.40)[posed]
[INFO] [1783449025.119665939] [perception_node]: [4110] 3 objects: chair(0.90)[posed], person(0.79)[posed], dining table(0.58)[posed]
[INFO] [1783449035.081662118] [perception_node]: [4140] 4 objects: chair(0.88)[posed], dining table(0.63)[posed], person(0.54)[posed], chair(0.48)[posed]
[INFO] [1783449045.096173373] [perception_node]: [4170] 3 objects: person(0.85)[posed], person(0.79)[posed], dining table(0.62)[posed]
[INFO] [1783449057.239220200] [perception_node]: [4200] 3 objects: person(0.82)[posed], person(0.79)[posed], dining table(0.67)[posed]
[INFO] [1783449067.992334892] [perception_node]: [4230] 4 objects: bottle(0.81)[posed], person(0.79)[posed], dining table(0.58)[posed], person(0.58)[posed] | pick=bottle(0.81)
[INFO] [1783449078.051296537] [perception_node]: [4260] 4 objects: bottle(0.83)[posed], person(0.80)[posed], person(0.67)[posed], dining table(0.65)[posed] | pick=bottle(0.83)
[INFO] [1783449087.718949726] [perception_node]: [4290] 4 objects: bottle(0.90)[posed], dining table(0.66)[posed], person(0.50)[posed], person(0.50)[posed] | pick=bottle(0.90)
[INFO] [1783449097.316705053] [perception_node]: [4320] 3 objects: chair(0.79)[posed], chair(0.67)[posed], dining table(0.47)[posed]
[INFO] [1783449108.289202473] [perception_node]: [4350] 4 objects: chair(0.87)[posed], person(0.69)[posed], chair(0.47)[posed], dining table(0.44)[posed]
[INFO] [1783449118.531040684] [perception_node]: [4380] 4 objects: person(0.90)[posed], chair(0.88)[posed], dining table(0.48)[posed], chair(0.42)[posed]
[INFO] [1783449127.995242064] [perception_node]: [4410] 4 objects: chair(0.86)[posed], chair(0.56)[posed], dining table(0.50)[posed], tv(0.43)[posed]
[INFO] [1783449137.880324328] [perception_node]: [4440] 5 objects: person(0.87)[posed], person(0.82)[posed], chair(0.81)[posed], dining table(0.53)[posed], chair(0.46)[posed]
[INFO] [1783449148.403751254] [perception_node]: [4470] 6 objects: person(0.88)[posed], chair(0.86)[posed], chair(0.79)[posed], person(0.68)[posed], person(0.57)[posed], dining table(0.49)[posed]
Exception in thread Thread-1 (_loop):
Traceback (most recent call last):
  File "/usr/lib/python3.10/threading.py", line 1016, in _bootstrap_inner
    self.run()
  File "/usr/lib/python3.10/threading.py", line 953, in run
    self._target(*self._args, **self._kwargs)
  File "/root/ros2_ws/install/robot_arm_perception/lib/python3.10/site-packages/robot_arm_perception/perception_node.py", line 301, in _loop
    self.pub_objects.publish(array_msg)
  File "/opt/ros/humble/local/lib/python3.10/dist-packages/rclpy/publisher.py", line 70, in publish
    self.__publisher.publish(msg)
rclpy._rclpy_pybind11.RCLError: Failed to publish: publisher's context is invalid, at ./src/rcl/publisher.c:389
Traceback (most recent call last):
  File "/root/ros2_ws/install/robot_arm_perception/lib/python3.10/site-packages/robot_arm_perception/perception_node.py", line 478, in main
    rclpy.spin(node)
  File "/opt/ros/humble/local/lib/python3.10/dist-packages/rclpy/__init__.py", line 229, in spin
    executor.spin_once()
  File "/opt/ros/humble/local/lib/python3.10/dist-packages/rclpy/executors.py", line 808, in spin_once
    self._spin_once_impl(timeout_sec)
  File "/opt/ros/humble/local/lib/python3.10/dist-packages/rclpy/executors.py", line 797, in _spin_once_impl
    handler, entity, node = self.wait_for_ready_callbacks(timeout_sec=timeout_sec)
  File "/opt/ros/humble/local/lib/python3.10/dist-packages/rclpy/executors.py", line 780, in wait_for_ready_callbacks
    return next(self._cb_iter)
  File "/opt/ros/humble/local/lib/python3.10/dist-packages/rclpy/executors.py", line 681, in _wait_for_ready_callbacks
    raise ExternalShutdownException()
rclpy.executors.ExternalShutdownException

During handling of the above exception, another exception occurred:

Traceback (most recent call last):
  File "/root/ros2_ws/install/robot_arm_perception/lib/robot_arm_perception/perception_node", line 33, in <module>
    sys.exit(load_entry_point('robot-arm-perception==0.0.1', 'console_scripts', 'perception_node')())
  File "/root/ros2_ws/install/robot_arm_perception/lib/python3.10/site-packages/robot_arm_perception/perception_node.py", line 483, in main
    rclpy.shutdown()
  File "/opt/ros/humble/local/lib/python3.10/dist-packages/rclpy/__init__.py", line 130, in shutdown
    _shutdown(context=context)
  File "/opt/ros/humble/local/lib/python3.10/dist-packages/rclpy/utilities.py", line 58, in shutdown
    return context.shutdown()
  File "/opt/ros/humble/local/lib/python3.10/dist-packages/rclpy/context.py", line 102, in shutdown
    self.__context.shutdown()
rclpy._rclpy_pybind11.RCLError: failed to shutdown: rcl_shutdown already called on the given context, at ./src/rcl/init.c:241
